<?xml version="1.0" encoding="UTF-8"?>
<!-- Generated by org.testng.reporters.JUnitReportReporter -->
<testsuite hostname="Ayaz-PC" name="com.charter.suiteCharterCom.TestCase_ComNonAutomated" tests="1" failures="0" timestamp="17 Sep 2016 06:39:52 GMT" time="80.042" errors="0">
  <testcase name="nonAutomatedBuyFlow" time="80.042" classname="com.charter.suiteCharterCom.TestCase_ComNonAutomated"/>
</testsuite> <!-- com.charter.suiteCharterCom.TestCase_ComNonAutomated -->
