<?xml version="1.0" encoding="UTF-8"?>
<!-- Generated by org.testng.reporters.JUnitReportReporter -->
<testsuite hostname="Ayaz-PC" name="com.olx.submitAdd.TestCase_carAdd" tests="1" failures="0" timestamp="23 Apr 2017 10:17:19 GMT" time="20.834" errors="0">
  <testcase name="nonAutomatedBuyFlow" time="20.834" classname="com.olx.submitAdd.TestCase_carAdd"/>
</testsuite> <!-- com.olx.submitAdd.TestCase_carAdd -->
