<?xml version="1.0" encoding="UTF-8"?>
<!-- Generated by org.testng.reporters.JUnitReportReporter -->
<testsuite hostname="Ayaz-PC" name="com.olx.joinUs.TestCase_contactUs" tests="1" failures="0" timestamp="23 Apr 2017 10:22:53 GMT" time="13.261" errors="0">
  <testcase name="nonAutomatedBuyFlow" time="13.261" classname="com.olx.joinUs.TestCase_contactUs"/>
</testsuite> <!-- com.olx.joinUs.TestCase_contactUs -->
