<?xml version="1.0" encoding="UTF-8"?>
<!-- Generated by org.testng.reporters.JUnitReportReporter -->
<testsuite hostname="Ayaz-PC" name="com.olx.searchAdd.TestCase_mobileAdd" tests="1" failures="0" timestamp="23 Apr 2017 10:17:19 GMT" time="21.561" errors="0">
  <testcase name="nonAutomatedBuyFlow" time="21.561" classname="com.olx.searchAdd.TestCase_mobileAdd"/>
</testsuite> <!-- com.olx.searchAdd.TestCase_mobileAdd -->
