<?xml version="1.0" encoding="UTF-8"?>
<!-- Generated by org.testng.reporters.JUnitReportReporter -->
<testsuite hostname="Ayaz-PC" name="com.charter.suiteCharterCom.TestCase_SpecrumNonAutomated" tests="1" failures="0" timestamp="17 Sep 2016 06:39:52 GMT" time="51.031" errors="0">
  <testcase name="nonAutomatedBuyFlow" time="51.031" classname="com.charter.suiteCharterCom.TestCase_SpecrumNonAutomated"/>
</testsuite> <!-- com.charter.suiteCharterCom.TestCase_SpecrumNonAutomated -->
