<?xml version="1.0" encoding="UTF-8"?>
<!-- Generated by org.testng.reporters.JUnitReportReporter -->
<testsuite hostname="Ayaz-PC" name="com.olx.joinUs.TestCase_forEngineer" tests="1" failures="0" timestamp="23 Apr 2017 10:17:19 GMT" time="13.738" errors="0">
  <testcase name="nonAutomatedBuyFlow" time="13.738" classname="com.olx.joinUs.TestCase_forEngineer"/>
</testsuite> <!-- com.olx.joinUs.TestCase_forEngineer -->
